Analysis & Synthesis report for JUEGO
Sat Mar 16 18:17:14 2024
Quartus Prime Version 18.1.0 Build 625 09/12/2018 SJ Lite Edition


---------------------
; Table of Contents ;
---------------------
  1. Legal Notice
  2. Analysis & Synthesis Summary
  3. Analysis & Synthesis Settings
  4. Parallel Compilation
  5. Analysis & Synthesis Source Files Read
  6. Analysis & Synthesis Resource Usage Summary
  7. Analysis & Synthesis Resource Utilization by Entity
  8. State Machine - |JUEGO|VGA_CONTROLLER:I3|MESTADOSHSYNC:I4|EDO
  9. State Machine - |JUEGO|VGA_CONTROLLER:I3|MESTADOSVSYNC:I3|EDO
 10. Registers Removed During Synthesis
 11. Removed Registers Triggering Further Register Optimizations
 12. General Register Statistics
 13. Inverted Register Statistics
 14. Multiplexer Restructuring Statistics (Restructuring Performed)
 15. Parameter Settings for User Entity Instance: LOGIC:I2
 16. Parameter Settings for Inferred Entity Instance: LOGIC:I2|lpm_divide:Mod0
 17. Port Connectivity Checks: "VGA_CONTROLLER:I3|CONT800:I1|SUMAUNO10:I0|ha:I9"
 18. Port Connectivity Checks: "VGA_CONTROLLER:I3|CONT800:I1|SUMAUNO10:I0|ha:I0"
 19. Post-Synthesis Netlist Statistics for Top Partition
 20. Elapsed Time Per Partition
 21. Analysis & Synthesis Messages



----------------
; Legal Notice ;
----------------
Copyright (C) 2018  Intel Corporation. All rights reserved.
Your use of Intel Corporation's design tools, logic functions 
and other software and tools, and its AMPP partner logic 
functions, and any output files from any of the foregoing 
(including device programming or simulation files), and any 
associated documentation or information are expressly subject 
to the terms and conditions of the Intel Program License 
Subscription Agreement, the Intel Quartus Prime License Agreement,
the Intel FPGA IP License Agreement, or other applicable license
agreement, including, without limitation, that your use is for
the sole purpose of programming logic devices manufactured by
Intel and sold by Intel or its authorized distributors.  Please
refer to the applicable agreement for further details.



+----------------------------------------------------------------------------------+
; Analysis & Synthesis Summary                                                     ;
+------------------------------------+---------------------------------------------+
; Analysis & Synthesis Status        ; Successful - Sat Mar 16 18:17:14 2024       ;
; Quartus Prime Version              ; 18.1.0 Build 625 09/12/2018 SJ Lite Edition ;
; Revision Name                      ; JUEGO                                       ;
; Top-level Entity Name              ; JUEGO                                       ;
; Family                             ; MAX 10                                      ;
; Total logic elements               ; 14,657                                      ;
;     Total combinational functions  ; 11,670                                      ;
;     Dedicated logic registers      ; 3,199                                       ;
; Total registers                    ; 3199                                        ;
; Total pins                         ; 22                                          ;
; Total virtual pins                 ; 0                                           ;
; Total memory bits                  ; 0                                           ;
; Embedded Multiplier 9-bit elements ; 0                                           ;
; Total PLLs                         ; 0                                           ;
; UFM blocks                         ; 0                                           ;
; ADC blocks                         ; 0                                           ;
+------------------------------------+---------------------------------------------+


+------------------------------------------------------------------------------------------------------------+
; Analysis & Synthesis Settings                                                                              ;
+------------------------------------------------------------------+--------------------+--------------------+
; Option                                                           ; Setting            ; Default Value      ;
+------------------------------------------------------------------+--------------------+--------------------+
; Device                                                           ; 10M50DAF484C7G     ;                    ;
; Top-level entity name                                            ; JUEGO              ; JUEGO              ;
; Family name                                                      ; MAX 10             ; Cyclone V          ;
; Use smart compilation                                            ; Off                ; Off                ;
; Enable parallel Assembler and Timing Analyzer during compilation ; On                 ; On                 ;
; Enable compact report table                                      ; Off                ; Off                ;
; Restructure Multiplexers                                         ; Auto               ; Auto               ;
; Create Debugging Nodes for IP Cores                              ; Off                ; Off                ;
; Preserve fewer node names                                        ; On                 ; On                 ;
; Intel FPGA IP Evaluation Mode                                    ; Enable             ; Enable             ;
; Verilog Version                                                  ; Verilog_2001       ; Verilog_2001       ;
; VHDL Version                                                     ; VHDL_1993          ; VHDL_1993          ;
; State Machine Processing                                         ; Auto               ; Auto               ;
; Safe State Machine                                               ; Off                ; Off                ;
; Extract Verilog State Machines                                   ; On                 ; On                 ;
; Extract VHDL State Machines                                      ; On                 ; On                 ;
; Ignore Verilog initial constructs                                ; Off                ; Off                ;
; Iteration limit for constant Verilog loops                       ; 5000               ; 5000               ;
; Iteration limit for non-constant Verilog loops                   ; 250                ; 250                ;
; Add Pass-Through Logic to Inferred RAMs                          ; On                 ; On                 ;
; Infer RAMs from Raw Logic                                        ; On                 ; On                 ;
; Parallel Synthesis                                               ; On                 ; On                 ;
; DSP Block Balancing                                              ; Auto               ; Auto               ;
; NOT Gate Push-Back                                               ; On                 ; On                 ;
; Power-Up Don't Care                                              ; On                 ; On                 ;
; Remove Redundant Logic Cells                                     ; Off                ; Off                ;
; Remove Duplicate Registers                                       ; On                 ; On                 ;
; Ignore CARRY Buffers                                             ; Off                ; Off                ;
; Ignore CASCADE Buffers                                           ; Off                ; Off                ;
; Ignore GLOBAL Buffers                                            ; Off                ; Off                ;
; Ignore ROW GLOBAL Buffers                                        ; Off                ; Off                ;
; Ignore LCELL Buffers                                             ; Off                ; Off                ;
; Ignore SOFT Buffers                                              ; On                 ; On                 ;
; Limit AHDL Integers to 32 Bits                                   ; Off                ; Off                ;
; Optimization Technique                                           ; Balanced           ; Balanced           ;
; Carry Chain Length                                               ; 70                 ; 70                 ;
; Auto Carry Chains                                                ; On                 ; On                 ;
; Auto Open-Drain Pins                                             ; On                 ; On                 ;
; Perform WYSIWYG Primitive Resynthesis                            ; Off                ; Off                ;
; Auto ROM Replacement                                             ; On                 ; On                 ;
; Auto RAM Replacement                                             ; On                 ; On                 ;
; Auto DSP Block Replacement                                       ; On                 ; On                 ;
; Auto Shift Register Replacement                                  ; Auto               ; Auto               ;
; Allow Shift Register Merging across Hierarchies                  ; Auto               ; Auto               ;
; Auto Clock Enable Replacement                                    ; On                 ; On                 ;
; Strict RAM Replacement                                           ; Off                ; Off                ;
; Allow Synchronous Control Signals                                ; On                 ; On                 ;
; Force Use of Synchronous Clear Signals                           ; Off                ; Off                ;
; Auto RAM Block Balancing                                         ; On                 ; On                 ;
; Auto RAM to Logic Cell Conversion                                ; Off                ; Off                ;
; Auto Resource Sharing                                            ; Off                ; Off                ;
; Allow Any RAM Size For Recognition                               ; Off                ; Off                ;
; Allow Any ROM Size For Recognition                               ; Off                ; Off                ;
; Allow Any Shift Register Size For Recognition                    ; Off                ; Off                ;
; Use LogicLock Constraints during Resource Balancing              ; On                 ; On                 ;
; Ignore translate_off and synthesis_off directives                ; Off                ; Off                ;
; Timing-Driven Synthesis                                          ; On                 ; On                 ;
; Report Parameter Settings                                        ; On                 ; On                 ;
; Report Source Assignments                                        ; On                 ; On                 ;
; Report Connectivity Checks                                       ; On                 ; On                 ;
; Ignore Maximum Fan-Out Assignments                               ; Off                ; Off                ;
; Synchronization Register Chain Length                            ; 2                  ; 2                  ;
; Power Optimization During Synthesis                              ; Normal compilation ; Normal compilation ;
; HDL message level                                                ; Level2             ; Level2             ;
; Suppress Register Optimization Related Messages                  ; Off                ; Off                ;
; Number of Removed Registers Reported in Synthesis Report         ; 5000               ; 5000               ;
; Number of Swept Nodes Reported in Synthesis Report               ; 5000               ; 5000               ;
; Number of Inverted Registers Reported in Synthesis Report        ; 100                ; 100                ;
; Clock MUX Protection                                             ; On                 ; On                 ;
; Auto Gated Clock Conversion                                      ; Off                ; Off                ;
; Block Design Naming                                              ; Auto               ; Auto               ;
; SDC constraint protection                                        ; Off                ; Off                ;
; Synthesis Effort                                                 ; Auto               ; Auto               ;
; Shift Register Replacement - Allow Asynchronous Clear Signal     ; On                 ; On                 ;
; Pre-Mapping Resynthesis Optimization                             ; Off                ; Off                ;
; Analysis & Synthesis Message Level                               ; Medium             ; Medium             ;
; Disable Register Merging Across Hierarchies                      ; Auto               ; Auto               ;
; Resource Aware Inference For Block RAM                           ; On                 ; On                 ;
+------------------------------------------------------------------+--------------------+--------------------+


+------------------------------------------+
; Parallel Compilation                     ;
+----------------------------+-------------+
; Processors                 ; Number      ;
+----------------------------+-------------+
; Number detected on machine ; 8           ;
; Maximum allowed            ; 4           ;
;                            ;             ;
; Average used               ; 1.00        ;
; Maximum used               ; 4           ;
;                            ;             ;
; Usage by Processor         ; % Time Used ;
;     Processor 1            ; 100.0%      ;
;     Processor 2            ;   0.1%      ;
;     Processor 3            ;   0.1%      ;
;     Processor 4            ;   0.1%      ;
+----------------------------+-------------+


+--------------------------------------------------------------------------------------------------------------------------------------------------------------------------------+
; Analysis & Synthesis Source Files Read                                                                                                                                         ;
+--------------------------------------+-----------------+------------------------------+------------------------------------------------------------------------------+---------+
; File Name with User-Entered Path     ; Used in Netlist ; File Type                    ; File Name with Absolute Path                                                 ; Library ;
+--------------------------------------+-----------------+------------------------------+------------------------------------------------------------------------------+---------+
; ../MESTADOSHSYNC/MESTADOSHSYNC.vhd   ; yes             ; User VHDL File               ; C:/Users/Eduardo/Desktop/Logica_Progra/VGA/MESTADOSHSYNC/MESTADOSHSYNC.vhd   ;         ;
; ../MESTADOSVSYNC/MESTADOSVSYNC.vhd   ; yes             ; User VHDL File               ; C:/Users/Eduardo/Desktop/Logica_Progra/VGA/MESTADOSVSYNC/MESTADOSVSYNC.vhd   ;         ;
; ../CONTA10BITS/CONTA10BITS.vhd       ; yes             ; User VHDL File               ; C:/Users/Eduardo/Desktop/Logica_Progra/VGA/CONTA10BITS/CONTA10BITS.vhd       ;         ;
; ../VGA_CONTROLLER/VGA_CONTROLLER.vhd ; yes             ; User VHDL File               ; C:/Users/Eduardo/Desktop/Logica_Progra/VGA/VGA_CONTROLLER/VGA_CONTROLLER.vhd ;         ;
; ../CONTADOR20BITS/CONTADOR20BITS.vhd ; yes             ; User VHDL File               ; C:/Users/Eduardo/Desktop/Logica_Progra/VGA/CONTADOR20BITS/CONTADOR20BITS.vhd ;         ;
; ../FFD/FFD.vhd                       ; yes             ; User VHDL File               ; C:/Users/Eduardo/Desktop/Logica_Progra/VGA/FFD/FFD.vhd                       ;         ;
; ../DIVFREQ2/DIVFREQ2.vhd             ; yes             ; User VHDL File               ; C:/Users/Eduardo/Desktop/Logica_Progra/VGA/DIVFREQ2/DIVFREQ2.vhd             ;         ;
; ../CONTMOD525/CONTMOD525.vhd         ; yes             ; User VHDL File               ; C:/Users/Eduardo/Desktop/Logica_Progra/VGA/CONTMOD525/CONTMOD525.vhd         ;         ;
; ../CONT800/CONT800.vhd               ; yes             ; User VHDL File               ; C:/Users/Eduardo/Desktop/Logica_Progra/VGA/CONT800/CONT800.vhd               ;         ;
; ../SUMAUNO10/SUMAUNO10.vhd           ; yes             ; User VHDL File               ; C:/Users/Eduardo/Desktop/Logica_Progra/VGA/SUMAUNO10/SUMAUNO10.vhd           ;         ;
; ../HA/HA.vhd                         ; yes             ; User VHDL File               ; C:/Users/Eduardo/Desktop/Logica_Progra/VGA/HA/HA.vhd                         ;         ;
; ../CONTROL/CONTROL.vhd               ; yes             ; User VHDL File               ; C:/Users/Eduardo/Desktop/Logica_Progra/VGA/CONTROL/CONTROL.vhd               ;         ;
; ../LOGIC/LOGIC.vhd                   ; yes             ; User VHDL File               ; C:/Users/Eduardo/Desktop/Logica_Progra/VGA/LOGIC/LOGIC.vhd                   ;         ;
; JUEGO.vhd                            ; yes             ; User VHDL File               ; C:/Users/Eduardo/Desktop/Logica_Progra/VGA/JUEGO/JUEGO.vhd                   ;         ;
; lpm_divide.tdf                       ; yes             ; Megafunction                 ; c:/intelfpga_lite/18.1/quartus/libraries/megafunctions/lpm_divide.tdf        ;         ;
; abs_divider.inc                      ; yes             ; Megafunction                 ; c:/intelfpga_lite/18.1/quartus/libraries/megafunctions/abs_divider.inc       ;         ;
; sign_div_unsign.inc                  ; yes             ; Megafunction                 ; c:/intelfpga_lite/18.1/quartus/libraries/megafunctions/sign_div_unsign.inc   ;         ;
; aglobal181.inc                       ; yes             ; Megafunction                 ; c:/intelfpga_lite/18.1/quartus/libraries/megafunctions/aglobal181.inc        ;         ;
; db/lpm_divide_25o.tdf                ; yes             ; Auto-Generated Megafunction  ; C:/Users/Eduardo/Desktop/Logica_Progra/VGA/JUEGO/db/lpm_divide_25o.tdf       ;         ;
; db/abs_divider_4dg.tdf               ; yes             ; Auto-Generated Megafunction  ; C:/Users/Eduardo/Desktop/Logica_Progra/VGA/JUEGO/db/abs_divider_4dg.tdf      ;         ;
; db/alt_u_div_ske.tdf                 ; yes             ; Auto-Generated Megafunction  ; C:/Users/Eduardo/Desktop/Logica_Progra/VGA/JUEGO/db/alt_u_div_ske.tdf        ;         ;
; db/add_sub_t3c.tdf                   ; yes             ; Auto-Generated Megafunction  ; C:/Users/Eduardo/Desktop/Logica_Progra/VGA/JUEGO/db/add_sub_t3c.tdf          ;         ;
; db/add_sub_u3c.tdf                   ; yes             ; Auto-Generated Megafunction  ; C:/Users/Eduardo/Desktop/Logica_Progra/VGA/JUEGO/db/add_sub_u3c.tdf          ;         ;
; db/lpm_abs_8b9.tdf                   ; yes             ; Auto-Generated Megafunction  ; C:/Users/Eduardo/Desktop/Logica_Progra/VGA/JUEGO/db/lpm_abs_8b9.tdf          ;         ;
+--------------------------------------+-----------------+------------------------------+------------------------------------------------------------------------------+---------+


+--------------------------------------------------------------------------+
; Analysis & Synthesis Resource Usage Summary                              ;
+---------------------------------------------+----------------------------+
; Resource                                    ; Usage                      ;
+---------------------------------------------+----------------------------+
; Estimated Total logic elements              ; 14,657                     ;
;                                             ;                            ;
; Total combinational functions               ; 11670                      ;
; Logic element usage by number of LUT inputs ;                            ;
;     -- 4 input functions                    ; 3578                       ;
;     -- 3 input functions                    ; 6422                       ;
;     -- <=2 input functions                  ; 1670                       ;
;                                             ;                            ;
; Logic elements by mode                      ;                            ;
;     -- normal mode                          ; 5493                       ;
;     -- arithmetic mode                      ; 6177                       ;
;                                             ;                            ;
; Total registers                             ; 3199                       ;
;     -- Dedicated logic registers            ; 3199                       ;
;     -- I/O registers                        ; 0                          ;
;                                             ;                            ;
; I/O pins                                    ; 22                         ;
;                                             ;                            ;
; Embedded Multiplier 9-bit elements          ; 0                          ;
;                                             ;                            ;
; Maximum fan-out node                        ; CONTADOR20BITS:I1|overflow ;
; Maximum fan-out                             ; 3107                       ;
; Total fan-out                               ; 48873                      ;
; Average fan-out                             ; 3.28                       ;
+---------------------------------------------+----------------------------+


+-----------------------------------------------------------------------------------------------------------------------------------------------------------------------------------------------------------------------------------------------------------------------------------------------------------------------------------------------+
; Analysis & Synthesis Resource Utilization by Entity                                                                                                                                                                                                                                                                                           ;
+------------------------------------------+---------------------+---------------------------+-------------+------------+--------------+---------+-----------+------+--------------+------------+--------------------------------------------------------------------------------------------------------------+-----------------+--------------+
; Compilation Hierarchy Node               ; Combinational ALUTs ; Dedicated Logic Registers ; Memory Bits ; UFM Blocks ; DSP Elements ; DSP 9x9 ; DSP 18x18 ; Pins ; Virtual Pins ; ADC blocks ; Full Hierarchy Name                                                                                          ; Entity Name     ; Library Name ;
+------------------------------------------+---------------------+---------------------------+-------------+------------+--------------+---------+-----------+------+--------------+------------+--------------------------------------------------------------------------------------------------------------+-----------------+--------------+
; |JUEGO                                   ; 11670 (0)           ; 3199 (0)                  ; 0           ; 0          ; 0            ; 0       ; 0         ; 22   ; 0            ; 0          ; |JUEGO                                                                                                       ; JUEGO           ; work         ;
;    |CONTADOR20BITS:I1|                   ; 27 (27)             ; 21 (21)                   ; 0           ; 0          ; 0            ; 0       ; 0         ; 0    ; 0            ; 0          ; |JUEGO|CONTADOR20BITS:I1                                                                                     ; CONTADOR20BITS  ; work         ;
;    |CONTROL:I4|                          ; 10 (10)             ; 8 (8)                     ; 0           ; 0          ; 0            ; 0       ; 0         ; 0    ; 0            ; 0          ; |JUEGO|CONTROL:I4                                                                                            ; CONTROL         ; work         ;
;    |DIVFREQ2:I0|                         ; 1 (0)               ; 1 (0)                     ; 0           ; 0          ; 0            ; 0       ; 0         ; 0    ; 0            ; 0          ; |JUEGO|DIVFREQ2:I0                                                                                           ; DIVFREQ2        ; work         ;
;       |FFD:I0|                           ; 1 (1)               ; 1 (1)                     ; 0           ; 0          ; 0            ; 0       ; 0         ; 0    ; 0            ; 0          ; |JUEGO|DIVFREQ2:I0|FFD:I0                                                                                    ; FFD             ; work         ;
;    |LOGIC:I2|                            ; 11571 (9902)        ; 3137 (3137)               ; 0           ; 0          ; 0            ; 0       ; 0         ; 0    ; 0            ; 0          ; |JUEGO|LOGIC:I2                                                                                              ; LOGIC           ; work         ;
;       |lpm_divide:Mod0|                  ; 1669 (0)            ; 0 (0)                     ; 0           ; 0          ; 0            ; 0       ; 0         ; 0    ; 0            ; 0          ; |JUEGO|LOGIC:I2|lpm_divide:Mod0                                                                              ; lpm_divide      ; work         ;
;          |lpm_divide_25o:auto_generated| ; 1669 (0)            ; 0 (0)                     ; 0           ; 0          ; 0            ; 0       ; 0         ; 0    ; 0            ; 0          ; |JUEGO|LOGIC:I2|lpm_divide:Mod0|lpm_divide_25o:auto_generated                                                ; lpm_divide_25o  ; work         ;
;             |abs_divider_4dg:divider|    ; 1669 (63)           ; 0 (0)                     ; 0           ; 0          ; 0            ; 0       ; 0         ; 0    ; 0            ; 0          ; |JUEGO|LOGIC:I2|lpm_divide:Mod0|lpm_divide_25o:auto_generated|abs_divider_4dg:divider                        ; abs_divider_4dg ; work         ;
;                |alt_u_div_ske:divider|   ; 1566 (1566)         ; 0 (0)                     ; 0           ; 0          ; 0            ; 0       ; 0         ; 0    ; 0            ; 0          ; |JUEGO|LOGIC:I2|lpm_divide:Mod0|lpm_divide_25o:auto_generated|abs_divider_4dg:divider|alt_u_div_ske:divider  ; alt_u_div_ske   ; work         ;
;                |lpm_abs_8b9:my_abs_num|  ; 40 (40)             ; 0 (0)                     ; 0           ; 0          ; 0            ; 0       ; 0         ; 0    ; 0            ; 0          ; |JUEGO|LOGIC:I2|lpm_divide:Mod0|lpm_divide_25o:auto_generated|abs_divider_4dg:divider|lpm_abs_8b9:my_abs_num ; lpm_abs_8b9     ; work         ;
;    |VGA_CONTROLLER:I3|                   ; 61 (0)              ; 32 (0)                    ; 0           ; 0          ; 0            ; 0       ; 0         ; 0    ; 0            ; 0          ; |JUEGO|VGA_CONTROLLER:I3                                                                                     ; VGA_CONTROLLER  ; work         ;
;       |CONT800:I1|                       ; 13 (10)             ; 11 (11)                   ; 0           ; 0          ; 0            ; 0       ; 0         ; 0    ; 0            ; 0          ; |JUEGO|VGA_CONTROLLER:I3|CONT800:I1                                                                          ; CONT800         ; work         ;
;          |SUMAUNO10:I0|                  ; 3 (0)               ; 0 (0)                     ; 0           ; 0          ; 0            ; 0       ; 0         ; 0    ; 0            ; 0          ; |JUEGO|VGA_CONTROLLER:I3|CONT800:I1|SUMAUNO10:I0                                                             ; SUMAUNO10       ; work         ;
;             |ha:I6|                      ; 1 (1)               ; 0 (0)                     ; 0           ; 0          ; 0            ; 0       ; 0         ; 0    ; 0            ; 0          ; |JUEGO|VGA_CONTROLLER:I3|CONT800:I1|SUMAUNO10:I0|ha:I6                                                       ; ha              ; work         ;
;             |ha:I9|                      ; 2 (2)               ; 0 (0)                     ; 0           ; 0          ; 0            ; 0       ; 0         ; 0    ; 0            ; 0          ; |JUEGO|VGA_CONTROLLER:I3|CONT800:I1|SUMAUNO10:I0|ha:I9                                                       ; ha              ; work         ;
;       |CONTMOD525:I2|                    ; 15 (2)              ; 10 (0)                    ; 0           ; 0          ; 0            ; 0       ; 0         ; 0    ; 0            ; 0          ; |JUEGO|VGA_CONTROLLER:I3|CONTMOD525:I2                                                                       ; CONTMOD525      ; work         ;
;          |CONTA10BITS:I0|                ; 13 (11)             ; 10 (10)                   ; 0           ; 0          ; 0            ; 0       ; 0         ; 0    ; 0            ; 0          ; |JUEGO|VGA_CONTROLLER:I3|CONTMOD525:I2|CONTA10BITS:I0                                                        ; CONTA10BITS     ; work         ;
;             |SUMAUNO10:I0|               ; 2 (0)               ; 0 (0)                     ; 0           ; 0          ; 0            ; 0       ; 0         ; 0    ; 0            ; 0          ; |JUEGO|VGA_CONTROLLER:I3|CONTMOD525:I2|CONTA10BITS:I0|SUMAUNO10:I0                                           ; SUMAUNO10       ; work         ;
;                |ha:I3|                   ; 1 (1)               ; 0 (0)                     ; 0           ; 0          ; 0            ; 0       ; 0         ; 0    ; 0            ; 0          ; |JUEGO|VGA_CONTROLLER:I3|CONTMOD525:I2|CONTA10BITS:I0|SUMAUNO10:I0|ha:I3                                     ; ha              ; work         ;
;                |ha:I6|                   ; 1 (1)               ; 0 (0)                     ; 0           ; 0          ; 0            ; 0       ; 0         ; 0    ; 0            ; 0          ; |JUEGO|VGA_CONTROLLER:I3|CONTMOD525:I2|CONTA10BITS:I0|SUMAUNO10:I0|ha:I6                                     ; ha              ; work         ;
;       |DIVFREQ2:I0|                      ; 1 (0)               ; 1 (0)                     ; 0           ; 0          ; 0            ; 0       ; 0         ; 0    ; 0            ; 0          ; |JUEGO|VGA_CONTROLLER:I3|DIVFREQ2:I0                                                                         ; DIVFREQ2        ; work         ;
;          |FFD:I0|                        ; 1 (1)               ; 1 (1)                     ; 0           ; 0          ; 0            ; 0       ; 0         ; 0    ; 0            ; 0          ; |JUEGO|VGA_CONTROLLER:I3|DIVFREQ2:I0|FFD:I0                                                                  ; FFD             ; work         ;
;       |MESTADOSHSYNC:I4|                 ; 16 (16)             ; 5 (5)                     ; 0           ; 0          ; 0            ; 0       ; 0         ; 0    ; 0            ; 0          ; |JUEGO|VGA_CONTROLLER:I3|MESTADOSHSYNC:I4                                                                    ; MESTADOSHSYNC   ; work         ;
;       |MESTADOSVSYNC:I3|                 ; 16 (16)             ; 5 (5)                     ; 0           ; 0          ; 0            ; 0       ; 0         ; 0    ; 0            ; 0          ; |JUEGO|VGA_CONTROLLER:I3|MESTADOSVSYNC:I3                                                                    ; MESTADOSVSYNC   ; work         ;
+------------------------------------------+---------------------+---------------------------+-------------+------------+--------------+---------+-----------+------+--------------+------------+--------------------------------------------------------------------------------------------------------------+-----------------+--------------+
Note: For table entries with two numbers listed, the numbers in parentheses indicate the number of resources of the given type used by the specific entity alone. The numbers listed outside of parentheses indicate the total resources of the given type used by the specific entity and all of its sub-entities in the hierarchy.


Encoding Type:  One-Hot
+---------------------------------------------------------------+
; State Machine - |JUEGO|VGA_CONTROLLER:I3|MESTADOSHSYNC:I4|EDO ;
+----------+--------+--------+--------+--------+----------------+
; Name     ; EDO.S4 ; EDO.S3 ; EDO.S2 ; EDO.S1 ; EDO.IDLE       ;
+----------+--------+--------+--------+--------+----------------+
; EDO.IDLE ; 0      ; 0      ; 0      ; 0      ; 0              ;
; EDO.S1   ; 0      ; 0      ; 0      ; 1      ; 1              ;
; EDO.S2   ; 0      ; 0      ; 1      ; 0      ; 1              ;
; EDO.S3   ; 0      ; 1      ; 0      ; 0      ; 1              ;
; EDO.S4   ; 1      ; 0      ; 0      ; 0      ; 1              ;
+----------+--------+--------+--------+--------+----------------+


Encoding Type:  One-Hot
+---------------------------------------------------------------+
; State Machine - |JUEGO|VGA_CONTROLLER:I3|MESTADOSVSYNC:I3|EDO ;
+----------+--------+--------+--------+--------+----------------+
; Name     ; EDO.S4 ; EDO.S3 ; EDO.S2 ; EDO.S1 ; EDO.IDLE       ;
+----------+--------+--------+--------+--------+----------------+
; EDO.IDLE ; 0      ; 0      ; 0      ; 0      ; 0              ;
; EDO.S1   ; 0      ; 0      ; 0      ; 1      ; 1              ;
; EDO.S2   ; 0      ; 0      ; 1      ; 0      ; 1              ;
; EDO.S3   ; 0      ; 1      ; 0      ; 0      ; 1              ;
; EDO.S4   ; 1      ; 0      ; 0      ; 0      ; 1              ;
+----------+--------+--------+--------+--------+----------------+


+-------------------------------------------------------------------------------------------------------------+
; Registers Removed During Synthesis                                                                          ;
+-------------------------------------------------+-----------------------------------------------------------+
; Register name                                   ; Reason for Removal                                        ;
+-------------------------------------------------+-----------------------------------------------------------+
; LOGIC:I2|snake_mesh_xy[0][19]                   ; Merged with LOGIC:I2|\snake_move:snake_head_xy_future[19] ;
; LOGIC:I2|snake_mesh_xy[0][18]                   ; Merged with LOGIC:I2|\snake_move:snake_head_xy_future[18] ;
; LOGIC:I2|snake_mesh_xy[0][17]                   ; Merged with LOGIC:I2|\snake_move:snake_head_xy_future[17] ;
; LOGIC:I2|snake_mesh_xy[0][16]                   ; Merged with LOGIC:I2|\snake_move:snake_head_xy_future[16] ;
; LOGIC:I2|snake_mesh_xy[0][15]                   ; Merged with LOGIC:I2|\snake_move:snake_head_xy_future[15] ;
; LOGIC:I2|snake_mesh_xy[0][14]                   ; Merged with LOGIC:I2|\snake_move:snake_head_xy_future[14] ;
; LOGIC:I2|snake_mesh_xy[0][13]                   ; Merged with LOGIC:I2|\snake_move:snake_head_xy_future[13] ;
; LOGIC:I2|snake_mesh_xy[0][12]                   ; Merged with LOGIC:I2|\snake_move:snake_head_xy_future[12] ;
; LOGIC:I2|snake_mesh_xy[0][11]                   ; Merged with LOGIC:I2|\snake_move:snake_head_xy_future[11] ;
; LOGIC:I2|snake_mesh_xy[0][10]                   ; Merged with LOGIC:I2|\snake_move:snake_head_xy_future[10] ;
; LOGIC:I2|snake_mesh_xy[0][9]                    ; Merged with LOGIC:I2|\snake_move:snake_head_xy_future[9]  ;
; LOGIC:I2|snake_mesh_xy[0][8]                    ; Merged with LOGIC:I2|\snake_move:snake_head_xy_future[8]  ;
; LOGIC:I2|snake_mesh_xy[0][7]                    ; Merged with LOGIC:I2|\snake_move:snake_head_xy_future[7]  ;
; LOGIC:I2|snake_mesh_xy[0][6]                    ; Merged with LOGIC:I2|\snake_move:snake_head_xy_future[6]  ;
; LOGIC:I2|snake_mesh_xy[0][5]                    ; Merged with LOGIC:I2|\snake_move:snake_head_xy_future[5]  ;
; LOGIC:I2|snake_mesh_xy[0][4]                    ; Merged with LOGIC:I2|\snake_move:snake_head_xy_future[4]  ;
; LOGIC:I2|snake_mesh_xy[0][3]                    ; Merged with LOGIC:I2|\snake_move:snake_head_xy_future[3]  ;
; LOGIC:I2|snake_mesh_xy[0][2]                    ; Merged with LOGIC:I2|\snake_move:snake_head_xy_future[2]  ;
; LOGIC:I2|snake_mesh_xy[0][1]                    ; Merged with LOGIC:I2|\snake_move:snake_head_xy_future[1]  ;
; LOGIC:I2|snake_mesh_xy[0][0]                    ; Merged with LOGIC:I2|\snake_move:snake_head_xy_future[0]  ;
; CONTROL:I4|last_direction[1]                    ; Merged with CONTROL:I4|direction_next[1]                  ;
; CONTROL:I4|last_direction[0]                    ; Merged with CONTROL:I4|direction_next[0]                  ;
; LOGIC:I2|random_xy[10]                          ; Merged with LOGIC:I2|\ramdom_number_gen:random_x[0]       ;
; LOGIC:I2|random_xy[0]                           ; Merged with LOGIC:I2|\ramdom_number_gen:random_y[0]       ;
; LOGIC:I2|\snake_move:snake_length_future[8..31] ; Lost fanout                                               ;
; Total Number of Removed Registers = 48          ;                                                           ;
+-------------------------------------------------+-----------------------------------------------------------+


+-------------------------------------------------------------------------------------------------------------------+
; Removed Registers Triggering Further Register Optimizations                                                       ;
+----------------------------------------------+--------------------+-----------------------------------------------+
; Register name                                ; Reason for Removal ; Registers Removed due to This Register        ;
+----------------------------------------------+--------------------+-----------------------------------------------+
; LOGIC:I2|\snake_move:snake_length_future[31] ; Lost Fanouts       ; LOGIC:I2|\snake_move:snake_length_future[30], ;
;                                              ;                    ; LOGIC:I2|\snake_move:snake_length_future[29], ;
;                                              ;                    ; LOGIC:I2|\snake_move:snake_length_future[28], ;
;                                              ;                    ; LOGIC:I2|\snake_move:snake_length_future[27], ;
;                                              ;                    ; LOGIC:I2|\snake_move:snake_length_future[26], ;
;                                              ;                    ; LOGIC:I2|\snake_move:snake_length_future[25], ;
;                                              ;                    ; LOGIC:I2|\snake_move:snake_length_future[24], ;
;                                              ;                    ; LOGIC:I2|\snake_move:snake_length_future[23], ;
;                                              ;                    ; LOGIC:I2|\snake_move:snake_length_future[22], ;
;                                              ;                    ; LOGIC:I2|\snake_move:snake_length_future[21], ;
;                                              ;                    ; LOGIC:I2|\snake_move:snake_length_future[20], ;
;                                              ;                    ; LOGIC:I2|\snake_move:snake_length_future[19], ;
;                                              ;                    ; LOGIC:I2|\snake_move:snake_length_future[18], ;
;                                              ;                    ; LOGIC:I2|\snake_move:snake_length_future[17], ;
;                                              ;                    ; LOGIC:I2|\snake_move:snake_length_future[16], ;
;                                              ;                    ; LOGIC:I2|\snake_move:snake_length_future[15], ;
;                                              ;                    ; LOGIC:I2|\snake_move:snake_length_future[14], ;
;                                              ;                    ; LOGIC:I2|\snake_move:snake_length_future[13], ;
;                                              ;                    ; LOGIC:I2|\snake_move:snake_length_future[12], ;
;                                              ;                    ; LOGIC:I2|\snake_move:snake_length_future[11], ;
;                                              ;                    ; LOGIC:I2|\snake_move:snake_length_future[10], ;
;                                              ;                    ; LOGIC:I2|\snake_move:snake_length_future[9],  ;
;                                              ;                    ; LOGIC:I2|\snake_move:snake_length_future[8]   ;
+----------------------------------------------+--------------------+-----------------------------------------------+


+------------------------------------------------------+
; General Register Statistics                          ;
+----------------------------------------------+-------+
; Statistic                                    ; Value ;
+----------------------------------------------+-------+
; Total registers                              ; 3199  ;
; Number of registers using Synchronous Clear  ; 0     ;
; Number of registers using Synchronous Load   ; 0     ;
; Number of registers using Asynchronous Clear ; 3125  ;
; Number of registers using Asynchronous Load  ; 0     ;
; Number of registers using Clock Enable       ; 3090  ;
; Number of registers using Preset             ; 0     ;
+----------------------------------------------+-------+


+---------------------------------------------------------+
; Inverted Register Statistics                            ;
+-----------------------------------------------+---------+
; Inverted Register                             ; Fan out ;
+-----------------------------------------------+---------+
; LOGIC:I2|snake_speed[1]                       ; 2       ;
; LOGIC:I2|snake_mesh_xy[64][6]                 ; 3       ;
; LOGIC:I2|snake_mesh_xy[64][5]                 ; 3       ;
; LOGIC:I2|snake_mesh_xy[64][2]                 ; 3       ;
; LOGIC:I2|snake_mesh_xy[64][17]                ; 3       ;
; LOGIC:I2|snake_mesh_xy[64][14]                ; 3       ;
; LOGIC:I2|snake_mesh_xy[64][12]                ; 3       ;
; LOGIC:I2|snake_mesh_xy[64][11]                ; 3       ;
; LOGIC:I2|snake_mesh_xy[68][6]                 ; 3       ;
; LOGIC:I2|snake_mesh_xy[68][5]                 ; 3       ;
; LOGIC:I2|snake_mesh_xy[68][2]                 ; 3       ;
; LOGIC:I2|snake_mesh_xy[68][17]                ; 3       ;
; LOGIC:I2|snake_mesh_xy[68][14]                ; 3       ;
; LOGIC:I2|snake_mesh_xy[68][12]                ; 3       ;
; LOGIC:I2|snake_mesh_xy[68][11]                ; 3       ;
; LOGIC:I2|snake_mesh_xy[70][6]                 ; 3       ;
; LOGIC:I2|snake_mesh_xy[70][5]                 ; 3       ;
; LOGIC:I2|snake_mesh_xy[70][2]                 ; 3       ;
; LOGIC:I2|snake_mesh_xy[70][17]                ; 3       ;
; LOGIC:I2|snake_mesh_xy[70][14]                ; 3       ;
; LOGIC:I2|snake_mesh_xy[70][12]                ; 3       ;
; LOGIC:I2|snake_mesh_xy[70][11]                ; 3       ;
; LOGIC:I2|snake_mesh_xy[80][6]                 ; 3       ;
; LOGIC:I2|snake_mesh_xy[80][5]                 ; 3       ;
; LOGIC:I2|snake_mesh_xy[80][2]                 ; 3       ;
; LOGIC:I2|snake_mesh_xy[80][17]                ; 3       ;
; LOGIC:I2|snake_mesh_xy[80][14]                ; 3       ;
; LOGIC:I2|snake_mesh_xy[80][12]                ; 3       ;
; LOGIC:I2|snake_mesh_xy[80][11]                ; 3       ;
; LOGIC:I2|snake_mesh_xy[127][6]                ; 3       ;
; LOGIC:I2|snake_mesh_xy[127][5]                ; 3       ;
; LOGIC:I2|snake_mesh_xy[127][2]                ; 3       ;
; LOGIC:I2|snake_mesh_xy[127][17]               ; 3       ;
; LOGIC:I2|snake_mesh_xy[127][14]               ; 3       ;
; LOGIC:I2|snake_mesh_xy[127][12]               ; 3       ;
; LOGIC:I2|snake_mesh_xy[127][11]               ; 3       ;
; LOGIC:I2|\snake_move:snake_head_xy_future[17] ; 9       ;
; LOGIC:I2|\snake_move:snake_head_xy_future[14] ; 4       ;
; LOGIC:I2|\snake_move:snake_head_xy_future[12] ; 6       ;
; LOGIC:I2|\snake_move:snake_head_xy_future[11] ; 5       ;
; LOGIC:I2|\snake_move:snake_head_xy_future[6]  ; 4       ;
; LOGIC:I2|\snake_move:snake_head_xy_future[5]  ; 4       ;
; LOGIC:I2|\snake_move:snake_head_xy_future[2]  ; 4       ;
; LOGIC:I2|snake_mesh_xy[131][17]               ; 3       ;
; LOGIC:I2|snake_mesh_xy[131][14]               ; 3       ;
; LOGIC:I2|snake_mesh_xy[131][12]               ; 3       ;
; LOGIC:I2|snake_mesh_xy[131][11]               ; 3       ;
; LOGIC:I2|snake_mesh_xy[131][6]                ; 3       ;
; LOGIC:I2|snake_mesh_xy[131][5]                ; 3       ;
; LOGIC:I2|snake_mesh_xy[131][2]                ; 3       ;
; LOGIC:I2|snake_mesh_xy[132][6]                ; 3       ;
; LOGIC:I2|snake_mesh_xy[132][5]                ; 3       ;
; LOGIC:I2|snake_mesh_xy[132][2]                ; 3       ;
; LOGIC:I2|snake_mesh_xy[132][17]               ; 3       ;
; LOGIC:I2|snake_mesh_xy[132][14]               ; 3       ;
; LOGIC:I2|snake_mesh_xy[132][12]               ; 3       ;
; LOGIC:I2|snake_mesh_xy[132][11]               ; 3       ;
; LOGIC:I2|snake_mesh_xy[133][17]               ; 3       ;
; LOGIC:I2|snake_mesh_xy[133][14]               ; 3       ;
; LOGIC:I2|snake_mesh_xy[133][12]               ; 3       ;
; LOGIC:I2|snake_mesh_xy[133][11]               ; 3       ;
; LOGIC:I2|snake_mesh_xy[133][6]                ; 3       ;
; LOGIC:I2|snake_mesh_xy[133][5]                ; 3       ;
; LOGIC:I2|snake_mesh_xy[133][2]                ; 3       ;
; LOGIC:I2|snake_mesh_xy[134][6]                ; 3       ;
; LOGIC:I2|snake_mesh_xy[134][5]                ; 3       ;
; LOGIC:I2|snake_mesh_xy[134][2]                ; 3       ;
; LOGIC:I2|snake_mesh_xy[134][17]               ; 3       ;
; LOGIC:I2|snake_mesh_xy[134][14]               ; 3       ;
; LOGIC:I2|snake_mesh_xy[134][12]               ; 3       ;
; LOGIC:I2|snake_mesh_xy[134][11]               ; 3       ;
; LOGIC:I2|snake_mesh_xy[82][6]                 ; 3       ;
; LOGIC:I2|snake_mesh_xy[82][5]                 ; 3       ;
; LOGIC:I2|snake_mesh_xy[82][2]                 ; 3       ;
; LOGIC:I2|snake_mesh_xy[82][17]                ; 3       ;
; LOGIC:I2|snake_mesh_xy[82][14]                ; 3       ;
; LOGIC:I2|snake_mesh_xy[82][12]                ; 3       ;
; LOGIC:I2|snake_mesh_xy[82][11]                ; 3       ;
; LOGIC:I2|snake_mesh_xy[84][6]                 ; 3       ;
; LOGIC:I2|snake_mesh_xy[84][5]                 ; 3       ;
; LOGIC:I2|snake_mesh_xy[84][2]                 ; 3       ;
; LOGIC:I2|snake_mesh_xy[84][17]                ; 3       ;
; LOGIC:I2|snake_mesh_xy[84][14]                ; 3       ;
; LOGIC:I2|snake_mesh_xy[84][12]                ; 3       ;
; LOGIC:I2|snake_mesh_xy[84][11]                ; 3       ;
; LOGIC:I2|snake_mesh_xy[86][6]                 ; 3       ;
; LOGIC:I2|snake_mesh_xy[86][5]                 ; 3       ;
; LOGIC:I2|snake_mesh_xy[86][2]                 ; 3       ;
; LOGIC:I2|snake_mesh_xy[86][17]                ; 3       ;
; LOGIC:I2|snake_mesh_xy[86][14]                ; 3       ;
; LOGIC:I2|snake_mesh_xy[86][12]                ; 3       ;
; LOGIC:I2|snake_mesh_xy[86][11]                ; 3       ;
; LOGIC:I2|snake_mesh_xy[88][6]                 ; 3       ;
; LOGIC:I2|snake_mesh_xy[88][5]                 ; 3       ;
; LOGIC:I2|snake_mesh_xy[88][2]                 ; 3       ;
; LOGIC:I2|snake_mesh_xy[88][17]                ; 3       ;
; LOGIC:I2|snake_mesh_xy[88][14]                ; 3       ;
; LOGIC:I2|snake_mesh_xy[88][12]                ; 3       ;
; LOGIC:I2|snake_mesh_xy[88][11]                ; 3       ;
; LOGIC:I2|snake_mesh_xy[90][6]                 ; 3       ;
; Total number of inverted registers = 1061*    ;         ;
+-----------------------------------------------+---------+
* Table truncated at 100 items. To change the number of inverted registers reported, set the "Number of Inverted Registers Reported" option under Assignments->Settings->Analysis and Synthesis Settings->More Settings


+------------------------------------------------------------------------------------------------------------------------------------------+
; Multiplexer Restructuring Statistics (Restructuring Performed)                                                                           ;
+--------------------+-----------+---------------+----------------------+------------------------+------------+----------------------------+
; Multiplexer Inputs ; Bus Width ; Baseline Area ; Area if Restructured ; Saving if Restructured ; Registered ; Example Multiplexer Output ;
+--------------------+-----------+---------------+----------------------+------------------------+------------+----------------------------+
; 3:1                ; 2 bits    ; 4 LEs         ; 4 LEs                ; 0 LEs                  ; No         ; |JUEGO|LOGIC:I2|rout[2]    ;
+--------------------+-----------+---------------+----------------------+------------------------+------------+----------------------------+


+-------------------------------------------------------+
; Parameter Settings for User Entity Instance: LOGIC:I2 ;
+--------------------+-------+--------------------------+
; Parameter Name     ; Value ; Type                     ;
+--------------------+-------+--------------------------+
; screen_width       ; 640   ; Signed Integer           ;
; screen_height      ; 480   ; Signed Integer           ;
; food_width         ; 20    ; Signed Integer           ;
; food_height        ; 20    ; Signed Integer           ;
; head_width         ; 20    ; Signed Integer           ;
; snake_begin_x      ; 150   ; Signed Integer           ;
; snake_begin_y      ; 100   ; Signed Integer           ;
; snake_length_begin ; 1     ; Signed Integer           ;
; snake_length_max   ; 150   ; Signed Integer           ;
; food_begin_x       ; 300   ; Signed Integer           ;
; food_begin_y       ; 200   ; Signed Integer           ;
+--------------------+-------+--------------------------+
Note: In order to hide this table in the UI and the text report file, please set the "Show Parameter Settings in Synthesis Report" option in "Analysis and Synthesis Settings -> More Settings" to "Off".


+---------------------------------------------------------------------------+
; Parameter Settings for Inferred Entity Instance: LOGIC:I2|lpm_divide:Mod0 ;
+------------------------+----------------+---------------------------------+
; Parameter Name         ; Value          ; Type                            ;
+------------------------+----------------+---------------------------------+
; LPM_WIDTHN             ; 32             ; Untyped                         ;
; LPM_WIDTHD             ; 32             ; Untyped                         ;
; LPM_NREPRESENTATION    ; SIGNED         ; Untyped                         ;
; LPM_DREPRESENTATION    ; SIGNED         ; Untyped                         ;
; LPM_PIPELINE           ; 0              ; Untyped                         ;
; LPM_REMAINDERPOSITIVE  ; FALSE          ; Untyped                         ;
; MAXIMIZE_SPEED         ; 5              ; Untyped                         ;
; CBXI_PARAMETER         ; lpm_divide_25o ; Untyped                         ;
; CARRY_CHAIN            ; MANUAL         ; Untyped                         ;
; OPTIMIZE_FOR_SPEED     ; 5              ; Untyped                         ;
; AUTO_CARRY_CHAINS      ; ON             ; AUTO_CARRY                      ;
; IGNORE_CARRY_BUFFERS   ; OFF            ; IGNORE_CARRY                    ;
; AUTO_CASCADE_CHAINS    ; ON             ; AUTO_CASCADE                    ;
; IGNORE_CASCADE_BUFFERS ; OFF            ; IGNORE_CASCADE                  ;
+------------------------+----------------+---------------------------------+
Note: In order to hide this table in the UI and the text report file, please set the "Show Parameter Settings in Synthesis Report" option in "Analysis and Synthesis Settings -> More Settings" to "Off".


+----------------------------------------------------------------------------------------------------------------+
; Port Connectivity Checks: "VGA_CONTROLLER:I3|CONT800:I1|SUMAUNO10:I0|ha:I9"                                    ;
+------+--------+----------+-------------------------------------------------------------------------------------+
; Port ; Type   ; Severity ; Details                                                                             ;
+------+--------+----------+-------------------------------------------------------------------------------------+
; cout ; Output ; Info     ; Connected to dangling logic. Logic that only feeds a dangling port will be removed. ;
+------+--------+----------+-------------------------------------------------------------------------------------+


+-----------------------------------------------------------------------------+
; Port Connectivity Checks: "VGA_CONTROLLER:I3|CONT800:I1|SUMAUNO10:I0|ha:I0" ;
+------+-------+----------+---------------------------------------------------+
; Port ; Type  ; Severity ; Details                                           ;
+------+-------+----------+---------------------------------------------------+
; b    ; Input ; Info     ; Stuck at VCC                                      ;
+------+-------+----------+---------------------------------------------------+


+-----------------------------------------------------+
; Post-Synthesis Netlist Statistics for Top Partition ;
+-----------------------+-----------------------------+
; Type                  ; Count                       ;
+-----------------------+-----------------------------+
; boundary_port         ; 22                          ;
; cycloneiii_ff         ; 3199                        ;
;     CLR               ; 35                          ;
;     ENA CLR           ; 3090                        ;
;     plain             ; 74                          ;
; cycloneiii_lcell_comb ; 11674                       ;
;     arith             ; 6177                        ;
;         2 data inputs ; 119                         ;
;         3 data inputs ; 6058                        ;
;     normal            ; 5497                        ;
;         0 data inputs ; 335                         ;
;         1 data inputs ; 25                          ;
;         2 data inputs ; 1195                        ;
;         3 data inputs ; 364                         ;
;         4 data inputs ; 3578                        ;
;                       ;                             ;
; Max LUT depth         ; 131.20                      ;
; Average LUT depth     ; 24.99                       ;
+-----------------------+-----------------------------+


+-------------------------------+
; Elapsed Time Per Partition    ;
+----------------+--------------+
; Partition Name ; Elapsed Time ;
+----------------+--------------+
; Top            ; 00:00:52     ;
+----------------+--------------+


+-------------------------------+
; Analysis & Synthesis Messages ;
+-------------------------------+
Info: *******************************************************************
Info: Running Quartus Prime Analysis & Synthesis
    Info: Version 18.1.0 Build 625 09/12/2018 SJ Lite Edition
    Info: Processing started: Sat Mar 16 18:16:03 2024
Info: Command: quartus_map --read_settings_files=on --write_settings_files=off JUEGO -c JUEGO
Warning (18236): Number of processors has not been specified which may cause overloading on shared machines.  Set the global assignment NUM_PARALLEL_PROCESSORS in your QSF to an appropriate value for best performance.
Info (20030): Parallel compilation is enabled and will use 4 of the 4 processors detected
Info (12021): Found 2 design units, including 1 entities, in source file /users/eduardo/desktop/logica_progra/vga/mestadoshsync/mestadoshsync.vhd
    Info (12022): Found design unit 1: MESTADOSHSYNC-ARC File: C:/Users/Eduardo/Desktop/Logica_Progra/VGA/MESTADOSHSYNC/MESTADOSHSYNC.vhd Line: 20
    Info (12023): Found entity 1: MESTADOSHSYNC File: C:/Users/Eduardo/Desktop/Logica_Progra/VGA/MESTADOSHSYNC/MESTADOSHSYNC.vhd Line: 10
Info (12021): Found 2 design units, including 1 entities, in source file /users/eduardo/desktop/logica_progra/vga/mestadosvsync/mestadosvsync.vhd
    Info (12022): Found design unit 1: MESTADOSVSYNC-ARC File: C:/Users/Eduardo/Desktop/Logica_Progra/VGA/MESTADOSVSYNC/MESTADOSVSYNC.vhd Line: 18
    Info (12023): Found entity 1: MESTADOSVSYNC File: C:/Users/Eduardo/Desktop/Logica_Progra/VGA/MESTADOSVSYNC/MESTADOSVSYNC.vhd Line: 10
Info (12021): Found 2 design units, including 1 entities, in source file /users/eduardo/desktop/logica_progra/vga/conta10bits/conta10bits.vhd
    Info (12022): Found design unit 1: CONTA10BITS-RTL File: C:/Users/Eduardo/Desktop/Logica_Progra/VGA/CONTA10BITS/CONTA10BITS.vhd Line: 15
    Info (12023): Found entity 1: CONTA10BITS File: C:/Users/Eduardo/Desktop/Logica_Progra/VGA/CONTA10BITS/CONTA10BITS.vhd Line: 10
Info (12021): Found 2 design units, including 1 entities, in source file /users/eduardo/desktop/logica_progra/vga/vga_controller/vga_controller.vhd
    Info (12022): Found design unit 1: VGA_CONTROLLER-RTL File: C:/Users/Eduardo/Desktop/Logica_Progra/VGA/VGA_CONTROLLER/VGA_CONTROLLER.vhd Line: 14
    Info (12023): Found entity 1: VGA_CONTROLLER File: C:/Users/Eduardo/Desktop/Logica_Progra/VGA/VGA_CONTROLLER/VGA_CONTROLLER.vhd Line: 5
Info (12021): Found 2 design units, including 1 entities, in source file /users/eduardo/desktop/logica_progra/vga/contador20bits/contador20bits.vhd
    Info (12022): Found design unit 1: CONTADOR20BITS-Behavioral File: C:/Users/Eduardo/Desktop/Logica_Progra/VGA/CONTADOR20BITS/CONTADOR20BITS.vhd Line: 12
    Info (12023): Found entity 1: CONTADOR20BITS File: C:/Users/Eduardo/Desktop/Logica_Progra/VGA/CONTADOR20BITS/CONTADOR20BITS.vhd Line: 5
Info (12021): Found 2 design units, including 1 entities, in source file /users/eduardo/desktop/logica_progra/vga/contador24bits/contador24bits.vhd
    Info (12022): Found design unit 1: CONTADOR24BITS-RTL File: C:/Users/Eduardo/Desktop/Logica_Progra/VGA/CONTADOR24BITS/CONTADOR24BITS.vhd Line: 15
    Info (12023): Found entity 1: CONTADOR24BITS File: C:/Users/Eduardo/Desktop/Logica_Progra/VGA/CONTADOR24BITS/CONTADOR24BITS.vhd Line: 10
Info (12021): Found 2 design units, including 1 entities, in source file /users/eduardo/desktop/logica_progra/vga/sumauno24/sumauno24.vhd
    Info (12022): Found design unit 1: SUMAUNO24-RTL File: C:/Users/Eduardo/Desktop/Logica_Progra/VGA/SUMAUNO24/SUMAUNO24.vhd Line: 18
    Info (12023): Found entity 1: SUMAUNO24 File: C:/Users/Eduardo/Desktop/Logica_Progra/VGA/SUMAUNO24/SUMAUNO24.vhd Line: 10
Info (12021): Found 2 design units, including 1 entities, in source file /users/eduardo/desktop/logica_progra/vga/ffd/ffd.vhd
    Info (12022): Found design unit 1: FFD-RTL File: C:/Users/Eduardo/Desktop/Logica_Progra/VGA/FFD/FFD.vhd Line: 12
    Info (12023): Found entity 1: FFD File: C:/Users/Eduardo/Desktop/Logica_Progra/VGA/FFD/FFD.vhd Line: 4
Info (12021): Found 2 design units, including 1 entities, in source file /users/eduardo/desktop/logica_progra/vga/sumauno16/sumauno16.vhd
    Info (12022): Found design unit 1: SUMAUNO16-RTL File: C:/Users/Eduardo/Desktop/Logica_Progra/VGA/SUMAUNO16/SUMAUNO16.vhd Line: 18
    Info (12023): Found entity 1: SUMAUNO16 File: C:/Users/Eduardo/Desktop/Logica_Progra/VGA/SUMAUNO16/SUMAUNO16.vhd Line: 10
Info (12021): Found 2 design units, including 1 entities, in source file /users/eduardo/desktop/logica_progra/vga/contador16bits/contador16bits.vhd
    Info (12022): Found design unit 1: CONTADOR16BITS-RTL File: C:/Users/Eduardo/Desktop/Logica_Progra/VGA/CONTADOR16BITS/CONTADOR16BITS.vhd Line: 15
    Info (12023): Found entity 1: CONTADOR16BITS File: C:/Users/Eduardo/Desktop/Logica_Progra/VGA/CONTADOR16BITS/CONTADOR16BITS.vhd Line: 10
Info (12021): Found 2 design units, including 1 entities, in source file /users/eduardo/desktop/logica_progra/vga/divfreq2/divfreq2.vhd
    Info (12022): Found design unit 1: DIVFREQ2-RTL File: C:/Users/Eduardo/Desktop/Logica_Progra/VGA/DIVFREQ2/DIVFREQ2.vhd Line: 11
    Info (12023): Found entity 1: DIVFREQ2 File: C:/Users/Eduardo/Desktop/Logica_Progra/VGA/DIVFREQ2/DIVFREQ2.vhd Line: 4
Info (12021): Found 2 design units, including 1 entities, in source file /users/eduardo/desktop/logica_progra/vga/contmod525/contmod525.vhd
    Info (12022): Found design unit 1: CONTMOD525-RTL File: C:/Users/Eduardo/Desktop/Logica_Progra/VGA/CONTMOD525/CONTMOD525.vhd Line: 15
    Info (12023): Found entity 1: CONTMOD525 File: C:/Users/Eduardo/Desktop/Logica_Progra/VGA/CONTMOD525/CONTMOD525.vhd Line: 10
Info (12021): Found 2 design units, including 1 entities, in source file /users/eduardo/desktop/logica_progra/vga/cont800/cont800.vhd
    Info (12022): Found design unit 1: CONT800-RTL File: C:/Users/Eduardo/Desktop/Logica_Progra/VGA/CONT800/CONT800.vhd Line: 16
    Info (12023): Found entity 1: CONT800 File: C:/Users/Eduardo/Desktop/Logica_Progra/VGA/CONT800/CONT800.vhd Line: 10
Info (12021): Found 2 design units, including 1 entities, in source file /users/eduardo/desktop/logica_progra/vga/sumauno10/sumauno10.vhd
    Info (12022): Found design unit 1: SUMAUNO10-RTL File: C:/Users/Eduardo/Desktop/Logica_Progra/VGA/SUMAUNO10/SUMAUNO10.vhd Line: 18
    Info (12023): Found entity 1: SUMAUNO10 File: C:/Users/Eduardo/Desktop/Logica_Progra/VGA/SUMAUNO10/SUMAUNO10.vhd Line: 10
Info (12021): Found 2 design units, including 1 entities, in source file /users/eduardo/desktop/logica_progra/vga/ha/ha.vhd
    Info (12022): Found design unit 1: ha-arc File: C:/Users/Eduardo/Desktop/Logica_Progra/VGA/HA/HA.vhd Line: 20
    Info (12023): Found entity 1: ha File: C:/Users/Eduardo/Desktop/Logica_Progra/VGA/HA/HA.vhd Line: 12
Info (12021): Found 2 design units, including 1 entities, in source file /users/eduardo/desktop/logica_progra/vga/control/control.vhd
    Info (12022): Found design unit 1: CONTROL-rtl File: C:/Users/Eduardo/Desktop/Logica_Progra/VGA/CONTROL/CONTROL.vhd Line: 14
    Info (12023): Found entity 1: CONTROL File: C:/Users/Eduardo/Desktop/Logica_Progra/VGA/CONTROL/CONTROL.vhd Line: 6
Info (12021): Found 2 design units, including 1 entities, in source file /users/eduardo/desktop/logica_progra/vga/logic/logic.vhd
    Info (12022): Found design unit 1: LOGIC-rtl File: C:/Users/Eduardo/Desktop/Logica_Progra/VGA/LOGIC/LOGIC.vhd Line: 30
    Info (12023): Found entity 1: LOGIC File: C:/Users/Eduardo/Desktop/Logica_Progra/VGA/LOGIC/LOGIC.vhd Line: 6
Info (12021): Found 2 design units, including 1 entities, in source file /users/eduardo/desktop/logica_progra/vga/vga_main/vga_main.vhd
    Info (12022): Found design unit 1: VGA_MAIN-main File: C:/Users/Eduardo/Desktop/Logica_Progra/VGA/VGA_MAIN/VGA_MAIN.vhd Line: 26
    Info (12023): Found entity 1: VGA_MAIN File: C:/Users/Eduardo/Desktop/Logica_Progra/VGA/VGA_MAIN/VGA_MAIN.vhd Line: 5
Info (12021): Found 2 design units, including 1 entities, in source file juego.vhd
    Info (12022): Found design unit 1: JUEGO-arch File: C:/Users/Eduardo/Desktop/Logica_Progra/VGA/JUEGO/JUEGO.vhd Line: 16
    Info (12023): Found entity 1: JUEGO File: C:/Users/Eduardo/Desktop/Logica_Progra/VGA/JUEGO/JUEGO.vhd Line: 6
Info (12127): Elaborating entity "JUEGO" for the top level hierarchy
Info (12128): Elaborating entity "DIVFREQ2" for hierarchy "DIVFREQ2:I0" File: C:/Users/Eduardo/Desktop/Logica_Progra/VGA/JUEGO/JUEGO.vhd Line: 81
Info (12128): Elaborating entity "FFD" for hierarchy "DIVFREQ2:I0|FFD:I0" File: C:/Users/Eduardo/Desktop/Logica_Progra/VGA/DIVFREQ2/DIVFREQ2.vhd Line: 25
Info (12128): Elaborating entity "CONTADOR20BITS" for hierarchy "CONTADOR20BITS:I1" File: C:/Users/Eduardo/Desktop/Logica_Progra/VGA/JUEGO/JUEGO.vhd Line: 84
Info (12128): Elaborating entity "LOGIC" for hierarchy "LOGIC:I2" File: C:/Users/Eduardo/Desktop/Logica_Progra/VGA/JUEGO/JUEGO.vhd Line: 87
Info (12128): Elaborating entity "VGA_CONTROLLER" for hierarchy "VGA_CONTROLLER:I3" File: C:/Users/Eduardo/Desktop/Logica_Progra/VGA/JUEGO/JUEGO.vhd Line: 90
Info (12128): Elaborating entity "CONT800" for hierarchy "VGA_CONTROLLER:I3|CONT800:I1" File: C:/Users/Eduardo/Desktop/Logica_Progra/VGA/VGA_CONTROLLER/VGA_CONTROLLER.vhd Line: 67
Info (12128): Elaborating entity "SUMAUNO10" for hierarchy "VGA_CONTROLLER:I3|CONT800:I1|SUMAUNO10:I0" File: C:/Users/Eduardo/Desktop/Logica_Progra/VGA/CONT800/CONT800.vhd Line: 32
Info (12128): Elaborating entity "ha" for hierarchy "VGA_CONTROLLER:I3|CONT800:I1|SUMAUNO10:I0|ha:I0" File: C:/Users/Eduardo/Desktop/Logica_Progra/VGA/SUMAUNO10/SUMAUNO10.vhd Line: 34
Info (12128): Elaborating entity "CONTMOD525" for hierarchy "VGA_CONTROLLER:I3|CONTMOD525:I2" File: C:/Users/Eduardo/Desktop/Logica_Progra/VGA/VGA_CONTROLLER/VGA_CONTROLLER.vhd Line: 68
Warning (10492): VHDL Process Statement warning at CONTMOD525.vhd(35): signal "RST" is read inside the Process Statement but isn't in the Process Statement's sensitivity list File: C:/Users/Eduardo/Desktop/Logica_Progra/VGA/CONTMOD525/CONTMOD525.vhd Line: 35
Info (12128): Elaborating entity "CONTA10BITS" for hierarchy "VGA_CONTROLLER:I3|CONTMOD525:I2|CONTA10BITS:I0" File: C:/Users/Eduardo/Desktop/Logica_Progra/VGA/CONTMOD525/CONTMOD525.vhd Line: 28
Info (12128): Elaborating entity "MESTADOSVSYNC" for hierarchy "VGA_CONTROLLER:I3|MESTADOSVSYNC:I3" File: C:/Users/Eduardo/Desktop/Logica_Progra/VGA/VGA_CONTROLLER/VGA_CONTROLLER.vhd Line: 69
Info (12128): Elaborating entity "MESTADOSHSYNC" for hierarchy "VGA_CONTROLLER:I3|MESTADOSHSYNC:I4" File: C:/Users/Eduardo/Desktop/Logica_Progra/VGA/VGA_CONTROLLER/VGA_CONTROLLER.vhd Line: 70
Info (12128): Elaborating entity "CONTROL" for hierarchy "CONTROL:I4" File: C:/Users/Eduardo/Desktop/Logica_Progra/VGA/JUEGO/JUEGO.vhd Line: 93
Info (278001): Inferred 1 megafunctions from design logic
    Info (278004): Inferred divider/modulo megafunction ("lpm_divide") from the following logic: "LOGIC:I2|Mod0" File: C:/Users/Eduardo/Desktop/Logica_Progra/VGA/LOGIC/LOGIC.vhd Line: 108
Info (12130): Elaborated megafunction instantiation "LOGIC:I2|lpm_divide:Mod0" File: C:/Users/Eduardo/Desktop/Logica_Progra/VGA/LOGIC/LOGIC.vhd Line: 108
Info (12133): Instantiated megafunction "LOGIC:I2|lpm_divide:Mod0" with the following parameter: File: C:/Users/Eduardo/Desktop/Logica_Progra/VGA/LOGIC/LOGIC.vhd Line: 108
    Info (12134): Parameter "LPM_WIDTHN" = "32"
    Info (12134): Parameter "LPM_WIDTHD" = "32"
    Info (12134): Parameter "LPM_NREPRESENTATION" = "SIGNED"
    Info (12134): Parameter "LPM_DREPRESENTATION" = "SIGNED"
    Info (12134): Parameter "LPM_HINT" = "LPM_REMAINDERPOSITIVE=FALSE"
Info (12021): Found 1 design units, including 1 entities, in source file db/lpm_divide_25o.tdf
    Info (12023): Found entity 1: lpm_divide_25o File: C:/Users/Eduardo/Desktop/Logica_Progra/VGA/JUEGO/db/lpm_divide_25o.tdf Line: 24
Info (12021): Found 1 design units, including 1 entities, in source file db/abs_divider_4dg.tdf
    Info (12023): Found entity 1: abs_divider_4dg File: C:/Users/Eduardo/Desktop/Logica_Progra/VGA/JUEGO/db/abs_divider_4dg.tdf Line: 26
Info (12021): Found 1 design units, including 1 entities, in source file db/alt_u_div_ske.tdf
    Info (12023): Found entity 1: alt_u_div_ske File: C:/Users/Eduardo/Desktop/Logica_Progra/VGA/JUEGO/db/alt_u_div_ske.tdf Line: 26
Info (12021): Found 1 design units, including 1 entities, in source file db/add_sub_t3c.tdf
    Info (12023): Found entity 1: add_sub_t3c File: C:/Users/Eduardo/Desktop/Logica_Progra/VGA/JUEGO/db/add_sub_t3c.tdf Line: 22
Info (12021): Found 1 design units, including 1 entities, in source file db/add_sub_u3c.tdf
    Info (12023): Found entity 1: add_sub_u3c File: C:/Users/Eduardo/Desktop/Logica_Progra/VGA/JUEGO/db/add_sub_u3c.tdf Line: 22
Info (12021): Found 1 design units, including 1 entities, in source file db/lpm_abs_8b9.tdf
    Info (12023): Found entity 1: lpm_abs_8b9 File: C:/Users/Eduardo/Desktop/Logica_Progra/VGA/JUEGO/db/lpm_abs_8b9.tdf Line: 24
Info (13014): Ignored 31 buffer(s)
    Info (13016): Ignored 31 CARRY_SUM buffer(s)
Info (13000): Registers with preset signals will power-up high File: C:/Users/Eduardo/Desktop/Logica_Progra/VGA/LOGIC/LOGIC.vhd Line: 51
Info (13003): DEV_CLRn pin will set, and not reset, register with preset signal due to NOT Gate Push-Back
Warning (13024): Output pins are stuck at VCC or GND
    Warning (13410): Pin "rout[0]" is stuck at GND File: C:/Users/Eduardo/Desktop/Logica_Progra/VGA/JUEGO/JUEGO.vhd Line: 13
    Warning (13410): Pin "gout[0]" is stuck at GND File: C:/Users/Eduardo/Desktop/Logica_Progra/VGA/JUEGO/JUEGO.vhd Line: 13
    Warning (13410): Pin "gout[1]" is stuck at GND File: C:/Users/Eduardo/Desktop/Logica_Progra/VGA/JUEGO/JUEGO.vhd Line: 13
    Warning (13410): Pin "bout[1]" is stuck at GND File: C:/Users/Eduardo/Desktop/Logica_Progra/VGA/JUEGO/JUEGO.vhd Line: 13
Info (286030): Timing-Driven Synthesis is running
Critical Warning (18061): Ignored Power-Up Level option on the following registers
    Critical Warning (18010): Register LOGIC:I2|\snake_move:snake_head_xy_future[17] will power up to High
    Critical Warning (18010): Register LOGIC:I2|\snake_move:snake_head_xy_future[14] will power up to High
    Critical Warning (18010): Register LOGIC:I2|\snake_move:snake_head_xy_future[12] will power up to High
    Critical Warning (18010): Register LOGIC:I2|\snake_move:snake_head_xy_future[11] will power up to High
    Critical Warning (18010): Register LOGIC:I2|\snake_move:snake_head_xy_future[6] will power up to High
    Critical Warning (18010): Register LOGIC:I2|\snake_move:snake_head_xy_future[5] will power up to High
    Critical Warning (18010): Register LOGIC:I2|\snake_move:snake_head_xy_future[2] will power up to High
    Critical Warning (18010): Register LOGIC:I2|\snake_move:inited will power up to High
    Critical Warning (18010): Register LOGIC:I2|\snake_move:food_xy_future[7] will power up to High
    Critical Warning (18010): Register LOGIC:I2|\snake_move:food_xy_future[6] will power up to High
    Critical Warning (18010): Register LOGIC:I2|\snake_move:food_xy_future[3] will power up to High
    Critical Warning (18010): Register LOGIC:I2|\snake_move:food_xy_future[18] will power up to High
    Critical Warning (18010): Register LOGIC:I2|\snake_move:food_xy_future[15] will power up to High
    Critical Warning (18010): Register LOGIC:I2|\snake_move:food_xy_future[13] will power up to High
    Critical Warning (18010): Register LOGIC:I2|\snake_move:food_xy_future[12] will power up to High
    Critical Warning (18010): Register LOGIC:I2|\snake_move:snake_length_future[0] will power up to High
Info (17049): 24 registers lost all their fanouts during netlist optimizations.
Info (16010): Generating hard_block partition "hard_block:auto_generated_inst"
    Info (16011): Adding 0 node(s), including 0 DDIO, 0 PLL, 0 transceiver and 0 LCELL
Info (21057): Implemented 14723 device resources after synthesis - the final resource count might be different
    Info (21058): Implemented 8 input pins
    Info (21059): Implemented 14 output pins
    Info (21061): Implemented 14701 logic cells
Info: Quartus Prime Analysis & Synthesis was successful. 0 errors, 24 warnings
    Info: Peak virtual memory: 4879 megabytes
    Info: Processing ended: Sat Mar 16 18:17:14 2024
    Info: Elapsed time: 00:01:11
    Info: Total CPU time (on all processors): 00:01:27


